Solid Edge in STEP konvertieren
Datum: Freitag,März 12,2021 06:24
Ausgabedatei: C:\Users\mstof\source\repos\solaranlage\3D\dispaly_cover.stp
Autor: Unknown
Organisation: Unknown
Ausgangssystem: Solid Edge

Hardware:
Prozessor: Intel(R) Xeon(R) CPU E5-1620 v3 @ 3.50GHz
Betriebssystem: Windows 8 Professional
Installierter Speicher: 15.92 GB

Software-Informationen
Parasolid-Version: 30.1.256
PSBodyShop-Version: 30.1.94
Step-Adapterversion: 4.0.40
Solid Edge-Version: 219.00.01.006 x64

STEP-Exportoptionen
Exportformat: AP214
Konstruktionsbleche exportieren: Aus
Konstruktionsvolumen exportieren: Aus
Konstruktionsdrähte exportieren: Aus
Nur angezeigte Teile exportieren: Aus
Einheiten: Millimeters
Namen von Teilkomponenten exportieren als Unicode: Aus

Phase 1 von 1 - Parasolid in Fremddatentypen konvertieren...
Konvertierungsvorgang ist abgeschlossen
Zum Übersetzen benötigte Zeit:00 : 00 : 01
