STEP in Solid Edge konvertieren
Datum: Donnerstag,Februar 25,2021 06:11
Quelldatei: C:\Users\mstof\source\repos\solaranlage\3D\Solaranlage.step
Autor: An Author
Organisation: A Company
Ausgangssystem: KiCad to STEP converter

Hardware:
Prozessor: Intel(R) Xeon(R) CPU E5-1620 v3 @ 3.50GHz
Betriebssystem: Windows 8 Professional
Installierter Speicher: 15.92 GB

Software-Informationen
Parasolid-Version: 30.1.256
PSBodyShop-Version: 30.1.94
Step-Adapterversion: 4.0.40
Solid Edge-Version: 219.00.01.006 x64

Step-Importoptionen
Facettierte Körper importieren: Ein
Prüfkörper importieren: Aus
Kurven importieren: Ein
DoNotSave importieren: Ein
Mehrere Körper als Einzelteildatei importieren: Ein
Flächenvernähung importieren: Ein
Boolesche Körper importieren: Ein
Basisformelement erstellen: Ein
Geometrie vereinfachen: Ein
Druckkurven importieren: Ein
Führung importieren: C:
Flächenvernähung importieren: Ein
Flächen importieren: Ein
Ausgabepfad importieren: C:\Users\mstof\source\repos\solaranlage\3D
Aktivieren des standardmäßigen Ausgabepfads importieren: Ein
Pfad importieren: 

Übersetzen in Parasolid-Datentypen...
+Baugruppe 1 beginnen
+SE Assembly-Datei C:\Users\mstof\source\repos\solaranlage\3D\Solaranlage.asm wurde erstellt
|--+Baugruppe 2 beginnen
|--+SE Assembly-Datei C:\Users\mstof\source\repos\solaranlage\3D\R_Axial_DIN0204_L3.6mm_D1.6mm_P7.62mm_Horizontal.asm wurde erstellt
|  |--+SE Part-Datei C:\Users\mstof\source\repos\solaranlage\3D\SOLID.par wurde erstellt
|--+Gesamtzahl der Teile: 2
|--+Baugruppen: 0
|--+Volumenkörper: 2
|--+Flächenkörper: 0
|--+Baugruppe 2 beenden
|--+Baugruppe 2 beginnen
|--+Datei C:\Users\mstof\source\repos\solaranlage\3D\R_Axial_DIN0204_L3.6mm_D1.6mm_P7.62mm_Horizontal.asm wird wiederholt verwendet
|--+Gesamtzahl der Teile: 0
|--+Baugruppen: 0
|--+Volumenkörper: 0
|--+Flächenkörper: 0
|--+Baugruppe 2 beenden
|--+Baugruppe 2 beginnen
|--+Datei C:\Users\mstof\source\repos\solaranlage\3D\R_Axial_DIN0204_L3.6mm_D1.6mm_P7.62mm_Horizontal.asm wird wiederholt verwendet
|--+Gesamtzahl der Teile: 0
|--+Baugruppen: 0
|--+Volumenkörper: 0
|--+Flächenkörper: 0
|--+Baugruppe 2 beenden
|--+Baugruppe 2 beginnen
|--+Datei C:\Users\mstof\source\repos\solaranlage\3D\R_Axial_DIN0204_L3.6mm_D1.6mm_P7.62mm_Horizontal.asm wird wiederholt verwendet
|--+Gesamtzahl der Teile: 0
|--+Baugruppen: 0
|--+Volumenkörper: 0
|--+Flächenkörper: 0
|--+Baugruppe 2 beenden
|--+Baugruppe 2 beginnen
|--+SE Assembly-Datei C:\Users\mstof\source\repos\solaranlage\3D\LED_D3.0mm.asm wurde erstellt
|  |--+SE Part-Datei C:\Users\mstof\source\repos\solaranlage\3D\SOLID_0.par wurde erstellt
|--+Gesamtzahl der Teile: 2
|--+Baugruppen: 0
|--+Volumenkörper: 2
|--+Flächenkörper: 0
|--+Baugruppe 2 beenden
|--+Baugruppe 2 beginnen
|--+Datei C:\Users\mstof\source\repos\solaranlage\3D\LED_D3.0mm.asm wird wiederholt verwendet
|--+Gesamtzahl der Teile: 0
|--+Baugruppen: 0
|--+Volumenkörper: 0
|--+Flächenkörper: 0
|--+Baugruppe 2 beenden
|--+Baugruppe 2 beginnen
|--+Datei C:\Users\mstof\source\repos\solaranlage\3D\LED_D3.0mm.asm wird wiederholt verwendet
|--+Gesamtzahl der Teile: 0
|--+Baugruppen: 0
|--+Volumenkörper: 0
|--+Flächenkörper: 0
|--+Baugruppe 2 beenden
|--+Baugruppe 2 beginnen
|--+Datei C:\Users\mstof\source\repos\solaranlage\3D\LED_D3.0mm.asm wird wiederholt verwendet
|--+Gesamtzahl der Teile: 0
|--+Baugruppen: 0
|--+Volumenkörper: 0
|--+Flächenkörper: 0
|--+Baugruppe 2 beenden
|--+Baugruppe 2 beginnen
|--+Datei C:\Users\mstof\source\repos\solaranlage\3D\R_Axial_DIN0204_L3.6mm_D1.6mm_P7.62mm_Horizontal.asm wird wiederholt verwendet
|--+Gesamtzahl der Teile: 0
|--+Baugruppen: 0
|--+Volumenkörper: 0
|--+Flächenkörper: 0
|--+Baugruppe 2 beenden
|--+Baugruppe 2 beginnen
|--+SE Assembly-Datei C:\Users\mstof\source\repos\solaranlage\3D\TO-92L_Wide.asm wurde erstellt
|  |--+SE Part-Datei C:\Users\mstof\source\repos\solaranlage\3D\SOLID_1.par wurde erstellt
|--+Gesamtzahl der Teile: 2
|--+Baugruppen: 0
|--+Volumenkörper: 2
|--+Flächenkörper: 0
|--+Baugruppe 2 beenden
|--+Baugruppe 2 beginnen
|--+SE Assembly-Datei C:\Users\mstof\source\repos\solaranlage\3D\PinHeader_1x03_P2.54mm_Vertical.asm wurde erstellt
|  |--+SE Part-Datei C:\Users\mstof\source\repos\solaranlage\3D\SOLID_2.par wurde erstellt
|--+Gesamtzahl der Teile: 2
|--+Baugruppen: 0
|--+Volumenkörper: 2
|--+Flächenkörper: 0
|--+Baugruppe 2 beenden
|--+Baugruppe 2 beginnen
|--+SE Assembly-Datei C:\Users\mstof\source\repos\solaranlage\3D\DIP-8_W7.62mm.asm wurde erstellt
|  |--+SE Part-Datei C:\Users\mstof\source\repos\solaranlage\3D\SOLID_3.par wurde erstellt
|--+Gesamtzahl der Teile: 2
|--+Baugruppen: 0
|--+Volumenkörper: 2
|--+Flächenkörper: 0
|--+Baugruppe 2 beenden
|--+Baugruppe 2 beginnen
|--+SE Assembly-Datei C:\Users\mstof\source\repos\solaranlage\3D\Potentiometer_Bourns_3299W_Vertical.asm wurde erstellt
|  |--+SE Part-Datei C:\Users\mstof\source\repos\solaranlage\3D\SOLID_4.par wurde erstellt
|--+Gesamtzahl der Teile: 2
|--+Baugruppen: 0
|--+Volumenkörper: 2
|--+Flächenkörper: 0
|--+Baugruppe 2 beenden
|--+Baugruppe 2 beginnen
|--+Datei C:\Users\mstof\source\repos\solaranlage\3D\Potentiometer_Bourns_3299W_Vertical.asm wird wiederholt verwendet
|--+Gesamtzahl der Teile: 0
|--+Baugruppen: 0
|--+Volumenkörper: 0
|--+Flächenkörper: 0
|--+Baugruppe 2 beenden
|--+Baugruppe 2 beginnen
|--+SE Assembly-Datei C:\Users\mstof\source\repos\solaranlage\3D\C_Disc_D4.7mm_W2.5mm_P5.00mm.asm wurde erstellt
|  |--+SE Part-Datei C:\Users\mstof\source\repos\solaranlage\3D\SOLID_5.par wurde erstellt
|--+Gesamtzahl der Teile: 2
|--+Baugruppen: 0
|--+Volumenkörper: 2
|--+Flächenkörper: 0
|--+Baugruppe 2 beenden
|--+Baugruppe 2 beginnen
|--+Datei C:\Users\mstof\source\repos\solaranlage\3D\C_Disc_D4.7mm_W2.5mm_P5.00mm.asm wird wiederholt verwendet
|--+Gesamtzahl der Teile: 0
|--+Baugruppen: 0
|--+Volumenkörper: 0
|--+Flächenkörper: 0
|--+Baugruppe 2 beenden
|--+Baugruppe 2 beginnen
|--+Datei C:\Users\mstof\source\repos\solaranlage\3D\C_Disc_D4.7mm_W2.5mm_P5.00mm.asm wird wiederholt verwendet
|--+Gesamtzahl der Teile: 0
|--+Baugruppen: 0
|--+Volumenkörper: 0
|--+Flächenkörper: 0
|--+Baugruppe 2 beenden
|--+Baugruppe 2 beginnen
|--+Datei C:\Users\mstof\source\repos\solaranlage\3D\C_Disc_D4.7mm_W2.5mm_P5.00mm.asm wird wiederholt verwendet
|--+Gesamtzahl der Teile: 0
|--+Baugruppen: 0
|--+Volumenkörper: 0
|--+Flächenkörper: 0
|--+Baugruppe 2 beenden
|--+Baugruppe 2 beginnen
|--+Datei C:\Users\mstof\source\repos\solaranlage\3D\C_Disc_D4.7mm_W2.5mm_P5.00mm.asm wird wiederholt verwendet
|--+Gesamtzahl der Teile: 0
|--+Baugruppen: 0
|--+Volumenkörper: 0
|--+Flächenkörper: 0
|--+Baugruppe 2 beenden
|--+Baugruppe 2 beginnen
|--+SE Assembly-Datei C:\Users\mstof\source\repos\solaranlage\3D\DIP-40_W15.24mm.asm wurde erstellt
|  |--+SE Part-Datei C:\Users\mstof\source\repos\solaranlage\3D\SOLID_6.par wurde erstellt
|--+Gesamtzahl der Teile: 2
|--+Baugruppen: 0
|--+Volumenkörper: 2
|--+Flächenkörper: 0
|--+Baugruppe 2 beenden
|--+Baugruppe 2 beginnen
|--+Datei C:\Users\mstof\source\repos\solaranlage\3D\DIP-8_W7.62mm.asm wird wiederholt verwendet
|--+Gesamtzahl der Teile: 0
|--+Baugruppen: 0
|--+Volumenkörper: 0
|--+Flächenkörper: 0
|--+Baugruppe 2 beenden
|--+Baugruppe 2 beginnen
|--+SE Assembly-Datei C:\Users\mstof\source\repos\solaranlage\3D\L_Radial_D10.0mm_P5.00mm_Fastron_07P.asm wurde erstellt
|  |--+SE Part-Datei C:\Users\mstof\source\repos\solaranlage\3D\SOLID_7.par wurde erstellt
|--+Gesamtzahl der Teile: 2
|--+Baugruppen: 0
|--+Volumenkörper: 2
|--+Flächenkörper: 0
|--+Baugruppe 2 beenden
|--+Baugruppe 2 beginnen
|--+Datei C:\Users\mstof\source\repos\solaranlage\3D\R_Axial_DIN0204_L3.6mm_D1.6mm_P7.62mm_Horizontal.asm wird wiederholt verwendet
|--+Gesamtzahl der Teile: 0
|--+Baugruppen: 0
|--+Volumenkörper: 0
|--+Flächenkörper: 0
|--+Baugruppe 2 beenden
|--+Baugruppe 2 beginnen
|--+SE Assembly-Datei C:\Users\mstof\source\repos\solaranlage\3D\CP_Radial_D6.3mm_P2.50mm.asm wurde erstellt
|  |--+SE Part-Datei C:\Users\mstof\source\repos\solaranlage\3D\SOLID_8.par wurde erstellt
|--+Gesamtzahl der Teile: 2
|--+Baugruppen: 0
|--+Volumenkörper: 2
|--+Flächenkörper: 0
|--+Baugruppe 2 beenden
|--+Baugruppe 2 beginnen
|--+Datei C:\Users\mstof\source\repos\solaranlage\3D\R_Axial_DIN0204_L3.6mm_D1.6mm_P7.62mm_Horizontal.asm wird wiederholt verwendet
|--+Gesamtzahl der Teile: 0
|--+Baugruppen: 0
|--+Volumenkörper: 0
|--+Flächenkörper: 0
|--+Baugruppe 2 beenden
|--+Baugruppe 2 beginnen
|--+Datei C:\Users\mstof\source\repos\solaranlage\3D\R_Axial_DIN0204_L3.6mm_D1.6mm_P7.62mm_Horizontal.asm wird wiederholt verwendet
|--+Gesamtzahl der Teile: 0
|--+Baugruppen: 0
|--+Volumenkörper: 0
|--+Flächenkörper: 0
|--+Baugruppe 2 beenden
|--+Baugruppe 2 beginnen
|--+SE Assembly-Datei C:\Users\mstof\source\repos\solaranlage\3D\Crystal_HC18-U_Vertical.asm wurde erstellt
|  |--+SE Part-Datei C:\Users\mstof\source\repos\solaranlage\3D\SOLID_9.par wurde erstellt
|--+Gesamtzahl der Teile: 2
|--+Baugruppen: 0
|--+Volumenkörper: 2
|--+Flächenkörper: 0
|--+Baugruppe 2 beenden
|--+Baugruppe 2 beginnen
|--+SE Assembly-Datei C:\Users\mstof\source\repos\solaranlage\3D\toggle_switch.asm wurde erstellt
|  |--+SE Part-Datei C:\Users\mstof\source\repos\solaranlage\3D\COMPOUND.par wurde erstellt
|--+Gesamtzahl der Teile: 18
|--+Baugruppen: 0
|--+Volumenkörper: 18
|--+Flächenkörper: 0
|--+Baugruppe 2 beenden
|--+Baugruppe 2 beginnen
|--+Datei C:\Users\mstof\source\repos\solaranlage\3D\C_Disc_D4.7mm_W2.5mm_P5.00mm.asm wird wiederholt verwendet
|--+Gesamtzahl der Teile: 0
|--+Baugruppen: 0
|--+Volumenkörper: 0
|--+Flächenkörper: 0
|--+Baugruppe 2 beenden
|--+Baugruppe 2 beginnen
|--+Datei C:\Users\mstof\source\repos\solaranlage\3D\C_Disc_D4.7mm_W2.5mm_P5.00mm.asm wird wiederholt verwendet
|--+Gesamtzahl der Teile: 0
|--+Baugruppen: 0
|--+Volumenkörper: 0
|--+Flächenkörper: 0
|--+Baugruppe 2 beenden
|--+Baugruppe 2 beginnen
|--+Datei C:\Users\mstof\source\repos\solaranlage\3D\C_Disc_D4.7mm_W2.5mm_P5.00mm.asm wird wiederholt verwendet
|--+Gesamtzahl der Teile: 0
|--+Baugruppen: 0
|--+Volumenkörper: 0
|--+Flächenkörper: 0
|--+Baugruppe 2 beenden
|--+Baugruppe 2 beginnen
|--+Datei C:\Users\mstof\source\repos\solaranlage\3D\L_Radial_D10.0mm_P5.00mm_Fastron_07P.asm wird wiederholt verwendet
|--+Gesamtzahl der Teile: 0
|--+Baugruppen: 0
|--+Volumenkörper: 0
|--+Flächenkörper: 0
|--+Baugruppe 2 beenden
|--+Baugruppe 2 beginnen
|--+Datei C:\Users\mstof\source\repos\solaranlage\3D\C_Disc_D4.7mm_W2.5mm_P5.00mm.asm wird wiederholt verwendet
|--+Gesamtzahl der Teile: 0
|--+Baugruppen: 0
|--+Volumenkörper: 0
|--+Flächenkörper: 0
|--+Baugruppe 2 beenden
|--+Baugruppe 2 beginnen
|--+Datei C:\Users\mstof\source\repos\solaranlage\3D\C_Disc_D4.7mm_W2.5mm_P5.00mm.asm wird wiederholt verwendet
|--+Gesamtzahl der Teile: 0
|--+Baugruppen: 0
|--+Volumenkörper: 0
|--+Flächenkörper: 0
|--+Baugruppe 2 beenden
|--+Baugruppe 2 beginnen
|--+Datei C:\Users\mstof\source\repos\solaranlage\3D\R_Axial_DIN0204_L3.6mm_D1.6mm_P7.62mm_Horizontal.asm wird wiederholt verwendet
|--+Gesamtzahl der Teile: 0
|--+Baugruppen: 0
|--+Volumenkörper: 0
|--+Flächenkörper: 0
|--+Baugruppe 2 beenden
|--+Baugruppe 2 beginnen
|--+SE Assembly-Datei C:\Users\mstof\source\repos\solaranlage\3D\LED_D5.0mm.asm wurde erstellt
|  |--+SE Part-Datei C:\Users\mstof\source\repos\solaranlage\3D\SOLID_10.par wurde erstellt
|--+Gesamtzahl der Teile: 2
|--+Baugruppen: 0
|--+Volumenkörper: 2
|--+Flächenkörper: 0
|--+Baugruppe 2 beenden
|--+Baugruppe 2 beginnen
|--+SE Assembly-Datei C:\Users\mstof\source\repos\solaranlage\3D\USB_B.asm wurde erstellt
|  |--+SE Part-Datei C:\Users\mstof\source\repos\solaranlage\3D\SOLID_11.par wurde erstellt
|--+Gesamtzahl der Teile: 2
|--+Baugruppen: 0
|--+Volumenkörper: 2
|--+Flächenkörper: 0
|--+Baugruppe 2 beenden
|--+Baugruppe 2 beginnen
|--+Datei C:\Users\mstof\source\repos\solaranlage\3D\USB_B.asm wird wiederholt verwendet
|--+Gesamtzahl der Teile: 0
|--+Baugruppen: 0
|--+Volumenkörper: 0
|--+Flächenkörper: 0
|--+Baugruppe 2 beenden
|--+Baugruppe 2 beginnen
|--+SE Assembly-Datei C:\Users\mstof\source\repos\solaranlage\3D\SSOP-28_5.3x10.2mm_P0.65mm.asm wurde erstellt
|  |--+SE Part-Datei C:\Users\mstof\source\repos\solaranlage\3D\SOLID_12.par wurde erstellt
|--+Gesamtzahl der Teile: 2
|--+Baugruppen: 0
|--+Volumenkörper: 2
|--+Flächenkörper: 0
|--+Baugruppe 2 beenden
|--+Baugruppe 2 beginnen
|--+Datei C:\Users\mstof\source\repos\solaranlage\3D\R_Axial_DIN0204_L3.6mm_D1.6mm_P7.62mm_Horizontal.asm wird wiederholt verwendet
|--+Gesamtzahl der Teile: 0
|--+Baugruppen: 0
|--+Volumenkörper: 0
|--+Flächenkörper: 0
|--+Baugruppe 2 beenden
|--+Baugruppe 2 beginnen
|--+Datei C:\Users\mstof\source\repos\solaranlage\3D\LED_D5.0mm.asm wird wiederholt verwendet
|--+Gesamtzahl der Teile: 0
|--+Baugruppen: 0
|--+Volumenkörper: 0
|--+Flächenkörper: 0
|--+Baugruppe 2 beenden
|--+Baugruppe 2 beginnen
|--+Datei C:\Users\mstof\source\repos\solaranlage\3D\R_Axial_DIN0204_L3.6mm_D1.6mm_P7.62mm_Horizontal.asm wird wiederholt verwendet
|--+Gesamtzahl der Teile: 0
|--+Baugruppen: 0
|--+Volumenkörper: 0
|--+Flächenkörper: 0
|--+Baugruppe 2 beenden
|--+Baugruppe 2 beginnen
|--+Datei C:\Users\mstof\source\repos\solaranlage\3D\R_Axial_DIN0204_L3.6mm_D1.6mm_P7.62mm_Horizontal.asm wird wiederholt verwendet
|--+Gesamtzahl der Teile: 0
|--+Baugruppen: 0
|--+Volumenkörper: 0
|--+Flächenkörper: 0
|--+Baugruppe 2 beenden
|--+Baugruppe 2 beginnen
|--+Datei C:\Users\mstof\source\repos\solaranlage\3D\LED_D5.0mm.asm wird wiederholt verwendet
|--+Gesamtzahl der Teile: 0
|--+Baugruppen: 0
|--+Volumenkörper: 0
|--+Flächenkörper: 0
|--+Baugruppe 2 beenden
|--+Baugruppe 2 beginnen
|--+Datei C:\Users\mstof\source\repos\solaranlage\3D\C_Disc_D4.7mm_W2.5mm_P5.00mm.asm wird wiederholt verwendet
|--+Gesamtzahl der Teile: 0
|--+Baugruppen: 0
|--+Volumenkörper: 0
|--+Flächenkörper: 0
|--+Baugruppe 2 beenden
|--+Baugruppe 2 beginnen
|--+SE Assembly-Datei C:\Users\mstof\source\repos\solaranlage\3D\encoder.asm wurde erstellt
|  |--+SE Part-Datei C:\Users\mstof\source\repos\solaranlage\3D\SOLID_13.par wurde erstellt
|--+Gesamtzahl der Teile: 2
|--+Baugruppen: 0
|--+Volumenkörper: 2
|--+Flächenkörper: 0
|--+Baugruppe 2 beenden
|--+Baugruppe 2 beginnen
|--+Datei C:\Users\mstof\source\repos\solaranlage\3D\R_Axial_DIN0204_L3.6mm_D1.6mm_P7.62mm_Horizontal.asm wird wiederholt verwendet
|--+Gesamtzahl der Teile: 0
|--+Baugruppen: 0
|--+Volumenkörper: 0
|--+Flächenkörper: 0
|--+Baugruppe 2 beenden
|--+Baugruppe 2 beginnen
|--+SE Assembly-Datei C:\Users\mstof\source\repos\solaranlage\3D\7SegmentLED_LTS6760_LTS6780.asm wurde erstellt
|  |--+SE Part-Datei C:\Users\mstof\source\repos\solaranlage\3D\SOLID_14.par wurde erstellt
|--+Gesamtzahl der Teile: 2
|--+Baugruppen: 0
|--+Volumenkörper: 2
|--+Flächenkörper: 0
|--+Baugruppe 2 beenden
|--+Baugruppe 2 beginnen
|--+Datei C:\Users\mstof\source\repos\solaranlage\3D\7SegmentLED_LTS6760_LTS6780.asm wird wiederholt verwendet
|--+Gesamtzahl der Teile: 0
|--+Baugruppen: 0
|--+Volumenkörper: 0
|--+Flächenkörper: 0
|--+Baugruppe 2 beenden
|--+Baugruppe 2 beginnen
|--+Datei C:\Users\mstof\source\repos\solaranlage\3D\7SegmentLED_LTS6760_LTS6780.asm wird wiederholt verwendet
|--+Gesamtzahl der Teile: 0
|--+Baugruppen: 0
|--+Volumenkörper: 0
|--+Flächenkörper: 0
|--+Baugruppe 2 beenden
|--+Baugruppe 2 beginnen
|--+Datei C:\Users\mstof\source\repos\solaranlage\3D\7SegmentLED_LTS6760_LTS6780.asm wird wiederholt verwendet
|--+Gesamtzahl der Teile: 0
|--+Baugruppen: 0
|--+Volumenkörper: 0
|--+Flächenkörper: 0
|--+Baugruppe 2 beenden
|--+Baugruppe 2 beginnen
|--+Datei C:\Users\mstof\source\repos\solaranlage\3D\7SegmentLED_LTS6760_LTS6780.asm wird wiederholt verwendet
|--+Gesamtzahl der Teile: 0
|--+Baugruppen: 0
|--+Volumenkörper: 0
|--+Flächenkörper: 0
|--+Baugruppe 2 beenden
|--+Baugruppe 2 beginnen
|--+Datei C:\Users\mstof\source\repos\solaranlage\3D\7SegmentLED_LTS6760_LTS6780.asm wird wiederholt verwendet
|--+Gesamtzahl der Teile: 0
|--+Baugruppen: 0
|--+Volumenkörper: 0
|--+Flächenkörper: 0
|--+Baugruppe 2 beenden
|--+Baugruppe 2 beginnen
|--+Datei C:\Users\mstof\source\repos\solaranlage\3D\R_Axial_DIN0204_L3.6mm_D1.6mm_P7.62mm_Horizontal.asm wird wiederholt verwendet
|--+Gesamtzahl der Teile: 0
|--+Baugruppen: 0
|--+Volumenkörper: 0
|--+Flächenkörper: 0
|--+Baugruppe 2 beenden
|--+Baugruppe 2 beginnen
|--+Datei C:\Users\mstof\source\repos\solaranlage\3D\R_Axial_DIN0204_L3.6mm_D1.6mm_P7.62mm_Horizontal.asm wird wiederholt verwendet
|--+Gesamtzahl der Teile: 0
|--+Baugruppen: 0
|--+Volumenkörper: 0
|--+Flächenkörper: 0
|--+Baugruppe 2 beenden
|--+Baugruppe 2 beginnen
|--+Datei C:\Users\mstof\source\repos\solaranlage\3D\R_Axial_DIN0204_L3.6mm_D1.6mm_P7.62mm_Horizontal.asm wird wiederholt verwendet
|--+Gesamtzahl der Teile: 0
|--+Baugruppen: 0
|--+Volumenkörper: 0
|--+Flächenkörper: 0
|--+Baugruppe 2 beenden
|--+Baugruppe 2 beginnen
|--+Datei C:\Users\mstof\source\repos\solaranlage\3D\R_Axial_DIN0204_L3.6mm_D1.6mm_P7.62mm_Horizontal.asm wird wiederholt verwendet
|--+Gesamtzahl der Teile: 0
|--+Baugruppen: 0
|--+Volumenkörper: 0
|--+Flächenkörper: 0
|--+Baugruppe 2 beenden
|--+Baugruppe 2 beginnen
|--+Datei C:\Users\mstof\source\repos\solaranlage\3D\R_Axial_DIN0204_L3.6mm_D1.6mm_P7.62mm_Horizontal.asm wird wiederholt verwendet
|--+Gesamtzahl der Teile: 0
|--+Baugruppen: 0
|--+Volumenkörper: 0
|--+Flächenkörper: 0
|--+Baugruppe 2 beenden
|--+Baugruppe 2 beginnen
|--+Datei C:\Users\mstof\source\repos\solaranlage\3D\R_Axial_DIN0204_L3.6mm_D1.6mm_P7.62mm_Horizontal.asm wird wiederholt verwendet
|--+Gesamtzahl der Teile: 0
|--+Baugruppen: 0
|--+Volumenkörper: 0
|--+Flächenkörper: 0
|--+Baugruppe 2 beenden
|--+Baugruppe 2 beginnen
|--+Datei C:\Users\mstof\source\repos\solaranlage\3D\R_Axial_DIN0204_L3.6mm_D1.6mm_P7.62mm_Horizontal.asm wird wiederholt verwendet
|--+Gesamtzahl der Teile: 0
|--+Baugruppen: 0
|--+Volumenkörper: 0
|--+Flächenkörper: 0
|--+Baugruppe 2 beenden
|--+Baugruppe 2 beginnen
|--+Datei C:\Users\mstof\source\repos\solaranlage\3D\R_Axial_DIN0204_L3.6mm_D1.6mm_P7.62mm_Horizontal.asm wird wiederholt verwendet
|--+Gesamtzahl der Teile: 0
|--+Baugruppen: 0
|--+Volumenkörper: 0
|--+Flächenkörper: 0
|--+Baugruppe 2 beenden
|--+Baugruppe 2 beginnen
|--+Datei C:\Users\mstof\source\repos\solaranlage\3D\R_Axial_DIN0204_L3.6mm_D1.6mm_P7.62mm_Horizontal.asm wird wiederholt verwendet
|--+Gesamtzahl der Teile: 0
|--+Baugruppen: 0
|--+Volumenkörper: 0
|--+Flächenkörper: 0
|--+Baugruppe 2 beenden
|--+Baugruppe 2 beginnen
|--+Datei C:\Users\mstof\source\repos\solaranlage\3D\R_Axial_DIN0204_L3.6mm_D1.6mm_P7.62mm_Horizontal.asm wird wiederholt verwendet
|--+Gesamtzahl der Teile: 0
|--+Baugruppen: 0
|--+Volumenkörper: 0
|--+Flächenkörper: 0
|--+Baugruppe 2 beenden
|--+Baugruppe 2 beginnen
|--+Datei C:\Users\mstof\source\repos\solaranlage\3D\R_Axial_DIN0204_L3.6mm_D1.6mm_P7.62mm_Horizontal.asm wird wiederholt verwendet
|--+Gesamtzahl der Teile: 0
|--+Baugruppen: 0
|--+Volumenkörper: 0
|--+Flächenkörper: 0
|--+Baugruppe 2 beenden
|--+Baugruppe 2 beginnen
|--+Datei C:\Users\mstof\source\repos\solaranlage\3D\R_Axial_DIN0204_L3.6mm_D1.6mm_P7.62mm_Horizontal.asm wird wiederholt verwendet
|--+Gesamtzahl der Teile: 0
|--+Baugruppen: 0
|--+Volumenkörper: 0
|--+Flächenkörper: 0
|--+Baugruppe 2 beenden
|--+Baugruppe 2 beginnen
|--+Datei C:\Users\mstof\source\repos\solaranlage\3D\R_Axial_DIN0204_L3.6mm_D1.6mm_P7.62mm_Horizontal.asm wird wiederholt verwendet
|--+Gesamtzahl der Teile: 0
|--+Baugruppen: 0
|--+Volumenkörper: 0
|--+Flächenkörper: 0
|--+Baugruppe 2 beenden
|--+Baugruppe 2 beginnen
|--+Datei C:\Users\mstof\source\repos\solaranlage\3D\R_Axial_DIN0204_L3.6mm_D1.6mm_P7.62mm_Horizontal.asm wird wiederholt verwendet
|--+Gesamtzahl der Teile: 0
|--+Baugruppen: 0
|--+Volumenkörper: 0
|--+Flächenkörper: 0
|--+Baugruppe 2 beenden
|--+Baugruppe 2 beginnen
|--+Datei C:\Users\mstof\source\repos\solaranlage\3D\R_Axial_DIN0204_L3.6mm_D1.6mm_P7.62mm_Horizontal.asm wird wiederholt verwendet
|--+Gesamtzahl der Teile: 0
|--+Baugruppen: 0
|--+Volumenkörper: 0
|--+Flächenkörper: 0
|--+Baugruppe 2 beenden
|--+Baugruppe 2 beginnen
|--+SE Assembly-Datei C:\Users\mstof\source\repos\solaranlage\3D\PinSocket_2x05_P2.54mm_Horizontal.asm wurde erstellt
|  |--+SE Part-Datei C:\Users\mstof\source\repos\solaranlage\3D\SOLID_15.par wurde erstellt
|--+Gesamtzahl der Teile: 2
|--+Baugruppen: 0
|--+Volumenkörper: 2
|--+Flächenkörper: 0
|--+Baugruppe 2 beenden
|--+Baugruppe 2 beginnen
|--+Datei C:\Users\mstof\source\repos\solaranlage\3D\C_Disc_D4.7mm_W2.5mm_P5.00mm.asm wird wiederholt verwendet
|--+Gesamtzahl der Teile: 0
|--+Baugruppen: 0
|--+Volumenkörper: 0
|--+Flächenkörper: 0
|--+Baugruppe 2 beenden
|--+Baugruppe 2 beginnen
|--+SE Assembly-Datei C:\Users\mstof\source\repos\solaranlage\3D\C_Rect_L7.0mm_W2.0mm_P5.00mm.asm wurde erstellt
|  |--+SE Part-Datei C:\Users\mstof\source\repos\solaranlage\3D\SOLID_16.par wurde erstellt
|--+Gesamtzahl der Teile: 2
|--+Baugruppen: 0
|--+Volumenkörper: 2
|--+Flächenkörper: 0
|--+Baugruppe 2 beenden
|--+Baugruppe 2 beginnen
|--+Datei C:\Users\mstof\source\repos\solaranlage\3D\C_Disc_D4.7mm_W2.5mm_P5.00mm.asm wird wiederholt verwendet
|--+Gesamtzahl der Teile: 0
|--+Baugruppen: 0
|--+Volumenkörper: 0
|--+Flächenkörper: 0
|--+Baugruppe 2 beenden
|--+Baugruppe 2 beginnen
|--+Datei C:\Users\mstof\source\repos\solaranlage\3D\C_Disc_D4.7mm_W2.5mm_P5.00mm.asm wird wiederholt verwendet
|--+Gesamtzahl der Teile: 0
|--+Baugruppen: 0
|--+Volumenkörper: 0
|--+Flächenkörper: 0
|--+Baugruppe 2 beenden
|--+Baugruppe 2 beginnen
|--+Datei C:\Users\mstof\source\repos\solaranlage\3D\C_Disc_D4.7mm_W2.5mm_P5.00mm.asm wird wiederholt verwendet
|--+Gesamtzahl der Teile: 0
|--+Baugruppen: 0
|--+Volumenkörper: 0
|--+Flächenkörper: 0
|--+Baugruppe 2 beenden
|--+Baugruppe 2 beginnen
|--+Datei C:\Users\mstof\source\repos\solaranlage\3D\C_Disc_D4.7mm_W2.5mm_P5.00mm.asm wird wiederholt verwendet
|--+Gesamtzahl der Teile: 0
|--+Baugruppen: 0
|--+Volumenkörper: 0
|--+Flächenkörper: 0
|--+Baugruppe 2 beenden
|--+Baugruppe 2 beginnen
|--+SE Assembly-Datei C:\Users\mstof\source\repos\solaranlage\3D\CP_Radial_D8.0mm_P5.00mm.asm wurde erstellt
|  |--+SE Part-Datei C:\Users\mstof\source\repos\solaranlage\3D\SOLID_17.par wurde erstellt
|--+Gesamtzahl der Teile: 2
|--+Baugruppen: 0
|--+Volumenkörper: 2
|--+Flächenkörper: 0
|--+Baugruppe 2 beenden
|--+SE Part-Datei C:\Users\mstof\source\repos\solaranlage\3D\COMPOUND_0.par wurde erstellt
+Gesamtzahl der Teile: 22
+Baugruppen: 20
+Volumenkörper: 2
+Flächenkörper: 0
+Baugruppe 1 beenden
Konvertierungsvorgang ist abgeschlossen
Zur Übersetzung und Nachbearbeitung erforderte Gesamtzeit:00 : 00 : 11
